<?xml version="1.0" encoding="UTF-8"?>
<coverage generated="1541286702139" clover="3.2.0">
  <project timestamp="1541286702139" name="All files">
    <metrics statements="105" coveredstatements="51" conditionals="26" coveredconditionals="9" methods="39" coveredmethods="14" elements="170" coveredelements="74" complexity="0" loc="105" ncloc="105" packages="3" files="11" classes="11">
      <package name="spec">
        <metrics statements="2" coveredstatements="2" conditionals="0" coveredconditionals="0" methods="0" coveredmethods="0"/>
        <file name="sampleData.jsx" path="/Users/tarik/Documents/FEC Project/Student-Feedback/client/spec/sampleData.jsx">
          <metrics statements="2" coveredstatements="2" conditionals="0" coveredconditionals="0" methods="0" coveredmethods="0"/>
          <line num="1" count="1" type="stmt"/>
          <line num="2" count="1" type="stmt"/>
        </file>
      </package>
      <package name="src">
        <metrics statements="41" coveredstatements="13" conditionals="8" coveredconditionals="1" methods="17" coveredmethods="4"/>
        <file name="App.jsx" path="/Users/tarik/Documents/FEC Project/Student-Feedback/client/src/App.jsx">
          <metrics statements="38" coveredstatements="10" conditionals="8" coveredconditionals="1" methods="17" coveredmethods="4"/>
          <line num="11" count="1" type="stmt"/>
          <line num="12" count="1" type="stmt"/>
          <line num="23" count="1" type="stmt"/>
          <line num="24" count="1" type="stmt"/>
          <line num="25" count="1" type="stmt"/>
          <line num="29" count="1" type="stmt"/>
          <line num="33" count="1" type="stmt"/>
          <line num="34" count="0" type="stmt"/>
          <line num="36" count="0" type="stmt"/>
          <line num="37" count="0" type="stmt"/>
          <line num="43" count="0" type="stmt"/>
          <line num="48" count="0" type="stmt"/>
          <line num="52" count="0" type="stmt"/>
          <line num="53" count="0" type="stmt"/>
          <line num="55" count="0" type="stmt"/>
          <line num="56" count="0" type="stmt"/>
          <line num="57" count="0" type="stmt"/>
          <line num="58" count="0" type="stmt"/>
          <line num="64" count="0" type="stmt"/>
          <line num="74" count="0" type="stmt"/>
          <line num="78" count="0" type="cond" truecount="0" falsecount="2"/>
          <line num="79" count="0" type="stmt"/>
          <line num="84" count="0" type="stmt"/>
          <line num="85" count="0" type="stmt"/>
          <line num="93" count="0" type="stmt"/>
          <line num="94" count="0" type="stmt"/>
          <line num="95" count="0" type="stmt"/>
          <line num="96" count="0" type="cond" truecount="0" falsecount="2"/>
          <line num="97" count="0" type="stmt"/>
          <line num="98" count="0" type="stmt"/>
          <line num="103" count="0" type="stmt"/>
          <line num="107" count="0" type="cond" truecount="0" falsecount="2"/>
          <line num="108" count="0" type="stmt"/>
          <line num="112" count="0" type="stmt"/>
          <line num="116" count="1" type="cond" truecount="1" falsecount="1"/>
          <line num="117" count="0" type="stmt"/>
          <line num="134" count="1" type="stmt"/>
          <line num="142" count="1" type="stmt"/>
        </file>
        <file name="symbols.jsx" path="/Users/tarik/Documents/FEC Project/Student-Feedback/client/src/symbols.jsx">
          <metrics statements="3" coveredstatements="3" conditionals="0" coveredconditionals="0" methods="0" coveredmethods="0"/>
          <line num="3" count="2" type="stmt"/>
          <line num="5" count="2" type="stmt"/>
          <line num="7" count="2" type="stmt"/>
        </file>
      </package>
      <package name="src.components">
        <metrics statements="62" coveredstatements="36" conditionals="18" coveredconditionals="8" methods="22" coveredmethods="10"/>
        <file name="FeaturedReview.jsx" path="/Users/tarik/Documents/FEC Project/Student-Feedback/client/src/components/FeaturedReview.jsx">
          <metrics statements="8" coveredstatements="1" conditionals="4" coveredconditionals="0" methods="2" coveredmethods="0"/>
          <line num="8" count="0" type="stmt"/>
          <line num="9" count="0" type="cond" truecount="0" falsecount="2"/>
          <line num="10" count="0" type="stmt"/>
          <line num="12" count="0" type="stmt"/>
          <line num="16" count="0" type="cond" truecount="0" falsecount="2"/>
          <line num="17" count="0" type="stmt"/>
          <line num="41" count="0" type="stmt"/>
          <line num="50" count="1" type="stmt"/>
        </file>
        <file name="GraphBar.jsx" path="/Users/tarik/Documents/FEC Project/Student-Feedback/client/src/components/GraphBar.jsx">
          <metrics statements="3" coveredstatements="2" conditionals="0" coveredconditionals="0" methods="1" coveredmethods="0"/>
          <line num="5" count="1" type="stmt"/>
          <line num="6" count="0" type="stmt"/>
          <line num="11" count="1" type="stmt"/>
        </file>
        <file name="GraphBarAndStars.jsx" path="/Users/tarik/Documents/FEC Project/Student-Feedback/client/src/components/GraphBarAndStars.jsx">
          <metrics statements="5" coveredstatements="1" conditionals="4" coveredconditionals="0" methods="2" coveredmethods="0"/>
          <line num="8" count="0" type="cond" truecount="0" falsecount="4"/>
          <line num="9" count="0" type="stmt"/>
          <line num="11" count="0" type="stmt"/>
          <line num="15" count="0" type="stmt"/>
          <line num="28" count="1" type="stmt"/>
        </file>
        <file name="Review.jsx" path="/Users/tarik/Documents/FEC Project/Student-Feedback/client/src/components/Review.jsx">
          <metrics statements="10" coveredstatements="9" conditionals="4" coveredconditionals="3" methods="3" coveredmethods="3"/>
          <line num="8" count="80" type="stmt"/>
          <line num="9" count="80" type="cond" truecount="1" falsecount="1"/>
          <line num="10" count="0" type="stmt"/>
          <line num="18" count="80" type="stmt"/>
          <line num="26" count="80" type="stmt"/>
          <line num="27" count="80" type="cond" truecount="2" falsecount="0"/>
          <line num="28" count="6" type="stmt"/>
          <line num="30" count="74" type="stmt"/>
          <line num="34" count="80" type="stmt"/>
          <line num="52" count="3" type="stmt"/>
        </file>
        <file name="ReviewList.jsx" path="/Users/tarik/Documents/FEC Project/Student-Feedback/client/src/components/ReviewList.jsx">
          <metrics statements="13" coveredstatements="12" conditionals="4" coveredconditionals="4" methods="5" coveredmethods="4"/>
          <line num="8" count="9" type="stmt"/>
          <line num="9" count="9" type="stmt"/>
          <line num="10" count="73" type="stmt"/>
          <line num="15" count="9" type="stmt"/>
          <line num="19" count="8" type="cond" truecount="2" falsecount="0"/>
          <line num="20" count="2" type="stmt"/>
          <line num="22" count="6" type="stmt"/>
          <line num="23" count="0" type="stmt"/>
          <line num="27" count="9" type="stmt"/>
          <line num="28" count="9" type="cond" truecount="2" falsecount="0"/>
          <line num="29" count="8" type="stmt"/>
          <line num="41" count="1" type="stmt"/>
          <line num="45" count="2" type="stmt"/>
        </file>
        <file name="Search.jsx" path="/Users/tarik/Documents/FEC Project/Student-Feedback/client/src/components/Search.jsx">
          <metrics statements="13" coveredstatements="8" conditionals="2" coveredconditionals="1" methods="5" coveredmethods="3"/>
          <line num="8" count="2" type="stmt"/>
          <line num="9" count="2" type="stmt"/>
          <line num="10" count="2" type="stmt"/>
          <line num="11" count="2" type="stmt"/>
          <line num="15" count="0" type="stmt"/>
          <line num="16" count="0" type="stmt"/>
          <line num="20" count="0" type="stmt"/>
          <line num="21" count="0" type="stmt"/>
          <line num="25" count="2" type="cond" truecount="1" falsecount="1"/>
          <line num="26" count="0" type="stmt"/>
          <line num="32" count="2" type="stmt"/>
          <line num="36" count="2" type="stmt"/>
          <line num="48" count="2" type="stmt"/>
        </file>
        <file name="Stars.jsx" path="/Users/tarik/Documents/FEC Project/Student-Feedback/client/src/components/Stars.jsx">
          <metrics statements="3" coveredstatements="2" conditionals="0" coveredconditionals="0" methods="1" coveredmethods="0"/>
          <line num="6" count="1" type="stmt"/>
          <line num="7" count="0" type="stmt"/>
          <line num="38" count="1" type="stmt"/>
        </file>
        <file name="StudentFeedback.jsx" path="/Users/tarik/Documents/FEC Project/Student-Feedback/client/src/components/StudentFeedback.jsx">
          <metrics statements="7" coveredstatements="1" conditionals="0" coveredconditionals="0" methods="3" coveredmethods="0"/>
          <line num="9" count="0" type="stmt"/>
          <line num="10" count="0" type="stmt"/>
          <line num="11" count="0" type="stmt"/>
          <line num="12" count="0" type="stmt"/>
          <line num="16" count="0" type="stmt"/>
          <line num="20" count="0" type="stmt"/>
          <line num="42" count="1" type="stmt"/>
        </file>
      </package>
    </metrics>
  </project>
</coverage>
