<?xml version="1.0" encoding="UTF-8"?>
<coverage generated="1541197255158" clover="3.2.0">
  <project timestamp="1541197255158" name="All files">
    <metrics statements="33" coveredstatements="16" conditionals="12" coveredconditionals="1" methods="10" coveredmethods="4" elements="55" coveredelements="21" complexity="0" loc="33" ncloc="33" packages="2" files="4" classes="4">
      <package name="src">
        <metrics statements="19" coveredstatements="7" conditionals="10" coveredconditionals="0" methods="4" coveredmethods="0"/>
        <file name="helperFunctions.jsx" path="/Users/tarik/Documents/FEC Project/Student-Feedback/client/src/helperFunctions.jsx">
          <metrics statements="16" coveredstatements="4" conditionals="10" coveredconditionals="0" methods="4" coveredmethods="0"/>
          <line num="3" count="1" type="stmt"/>
          <line num="4" count="0" type="cond" truecount="0" falsecount="4"/>
          <line num="5" count="0" type="stmt"/>
          <line num="7" count="0" type="stmt"/>
          <line num="10" count="1" type="stmt"/>
          <line num="11" count="0" type="cond" truecount="0" falsecount="2"/>
          <line num="12" count="0" type="stmt"/>
          <line num="14" count="0" type="stmt"/>
          <line num="17" count="1" type="stmt"/>
          <line num="18" count="0" type="cond" truecount="0" falsecount="2"/>
          <line num="19" count="0" type="stmt"/>
          <line num="27" count="0" type="stmt"/>
          <line num="34" count="1" type="stmt"/>
          <line num="35" count="0" type="cond" truecount="0" falsecount="2"/>
          <line num="36" count="0" type="stmt"/>
          <line num="38" count="0" type="stmt"/>
        </file>
        <file name="symbols.jsx" path="/Users/tarik/Documents/FEC Project/Student-Feedback/client/src/symbols.jsx">
          <metrics statements="3" coveredstatements="3" conditionals="0" coveredconditionals="0" methods="0" coveredmethods="0"/>
          <line num="3" count="1" type="stmt"/>
          <line num="5" count="1" type="stmt"/>
          <line num="7" count="1" type="stmt"/>
        </file>
      </package>
      <package name="src.components">
        <metrics statements="14" coveredstatements="9" conditionals="2" coveredconditionals="1" methods="6" coveredmethods="4"/>
        <file name="Review.jsx" path="/Users/tarik/Documents/FEC Project/Student-Feedback/client/src/components/Review.jsx">
          <metrics statements="2" coveredstatements="2" conditionals="0" coveredconditionals="0" methods="1" coveredmethods="1"/>
          <line num="5" count="1" type="stmt"/>
          <line num="6" count="1" type="stmt"/>
        </file>
        <file name="Search.jsx" path="/Users/tarik/Documents/FEC Project/Student-Feedback/client/src/components/Search.jsx">
          <metrics statements="12" coveredstatements="7" conditionals="2" coveredconditionals="1" methods="5" coveredmethods="3"/>
          <line num="7" count="1" type="stmt"/>
          <line num="8" count="1" type="stmt"/>
          <line num="9" count="1" type="stmt"/>
          <line num="10" count="1" type="stmt"/>
          <line num="14" count="0" type="stmt"/>
          <line num="15" count="0" type="stmt"/>
          <line num="19" count="0" type="stmt"/>
          <line num="20" count="0" type="stmt"/>
          <line num="24" count="1" type="cond" truecount="1" falsecount="1"/>
          <line num="25" count="0" type="stmt"/>
          <line num="31" count="1" type="stmt"/>
          <line num="35" count="1" type="stmt"/>
        </file>
      </package>
    </metrics>
  </project>
</coverage>
