{"/Users/tarik/Documents/FEC Project/Student-Feedback/client/spec/sampleData.jsx": {"path":"/Users/tarik/Documents/FEC Project/Student-Feedback/client/spec/sampleData.jsx","statementMap":{"0":{"start":{"line":1,"column":21},"end":{"line":1,"column":22616}},"1":{"start":{"line":2,"column":0},"end":{"line":2,"column":30}}},"fnMap":{},"branchMap":{},"s":{"0":1,"1":1},"f":{},"b":{},"_coverageSchema":"332fd63041d2c1bcb487cc26dd0d5f7d97098a6c","hash":"0f4d16358c3970f715b54f436d89f4e23dcff401"}
,"/Users/tarik/Documents/FEC Project/Student-Feedback/client/src/App.jsx": {"path":"/Users/tarik/Documents/FEC Project/Student-Feedback/client/src/App.jsx","statementMap":{"0":{"start":{"line":11,"column":4},"end":{"line":11,"column":17}},"1":{"start":{"line":12,"column":4},"end":{"line":21,"column":6}},"2":{"start":{"line":23,"column":4},"end":{"line":23,"column":71}},"3":{"start":{"line":24,"column":4},"end":{"line":24,"column":67}},"4":{"start":{"line":25,"column":4},"end":{"line":25,"column":55}},"5":{"start":{"line":29,"column":4},"end":{"line":29,"column":41}},"6":{"start":{"line":33,"column":4},"end":{"line":44,"column":9}},"7":{"start":{"line":34,"column":24},"end":{"line":34,"column":38}},"8":{"start":{"line":36,"column":8},"end":{"line":36,"column":40}},"9":{"start":{"line":37,"column":8},"end":{"line":40,"column":11}},"10":{"start":{"line":43,"column":8},"end":{"line":43,"column":25}},"11":{"start":{"line":48,"column":4},"end":{"line":48,"column":78}},"12":{"start":{"line":52,"column":4},"end":{"line":52,"column":40}},"13":{"start":{"line":53,"column":28},"end":{"line":53,"column":130}},"14":{"start":{"line":53,"column":68},"end":{"line":53,"column":128}},"15":{"start":{"line":55,"column":37},"end":{"line":72,"column":6}},"16":{"start":{"line":56,"column":33},"end":{"line":56,"column":92}},"17":{"start":{"line":57,"column":31},"end":{"line":57,"column":64}},"18":{"start":{"line":58,"column":27},"end":{"line":62,"column":7}},"19":{"start":{"line":64,"column":6},"end":{"line":71,"column":8}},"20":{"start":{"line":74,"column":4},"end":{"line":74,"column":73}},"21":{"start":{"line":78,"column":4},"end":{"line":89,"column":5}},"22":{"start":{"line":79,"column":6},"end":{"line":82,"column":9}},"23":{"start":{"line":84,"column":30},"end":{"line":84,"column":93}},"24":{"start":{"line":84,"column":67},"end":{"line":84,"column":91}},"25":{"start":{"line":85,"column":6},"end":{"line":88,"column":9}},"26":{"start":{"line":93,"column":45},"end":{"line":93,"column":47}},"27":{"start":{"line":94,"column":4},"end":{"line":101,"column":7}},"28":{"start":{"line":95,"column":6},"end":{"line":100,"column":9}},"29":{"start":{"line":96,"column":8},"end":{"line":99,"column":9}},"30":{"start":{"line":97,"column":10},"end":{"line":97,"column":62}},"31":{"start":{"line":98,"column":10},"end":{"line":98,"column":17}},"32":{"start":{"line":103,"column":4},"end":{"line":103,"column":44}},"33":{"start":{"line":107,"column":4},"end":{"line":111,"column":5}},"34":{"start":{"line":108,"column":6},"end":{"line":110,"column":8}},"35":{"start":{"line":112,"column":4},"end":{"line":112,"column":65}},"36":{"start":{"line":116,"column":4},"end":{"line":133,"column":5}},"37":{"start":{"line":117,"column":6},"end":{"line":132,"column":8}},"38":{"start":{"line":134,"column":4},"end":{"line":138,"column":6}},"39":{"start":{"line":142,"column":0},"end":{"line":145,"column":2}}},"fnMap":{"0":{"name":"(anonymous_0)","decl":{"start":{"line":10,"column":2},"end":{"line":10,"column":3}},"loc":{"start":{"line":10,"column":21},"end":{"line":26,"column":3}},"line":10},"1":{"name":"(anonymous_1)","decl":{"start":{"line":28,"column":2},"end":{"line":28,"column":3}},"loc":{"start":{"line":28,"column":22},"end":{"line":30,"column":3}},"line":28},"2":{"name":"(anonymous_2)","decl":{"start":{"line":32,"column":2},"end":{"line":32,"column":3}},"loc":{"start":{"line":32,"column":23},"end":{"line":45,"column":3}},"line":32},"3":{"name":"(anonymous_3)","decl":{"start":{"line":34,"column":12},"end":{"line":34,"column":13}},"loc":{"start":{"line":34,"column":24},"end":{"line":34,"column":38}},"line":34},"4":{"name":"(anonymous_4)","decl":{"start":{"line":35,"column":12},"end":{"line":35,"column":13}},"loc":{"start":{"line":35,"column":22},"end":{"line":41,"column":7}},"line":35},"5":{"name":"(anonymous_5)","decl":{"start":{"line":42,"column":13},"end":{"line":42,"column":14}},"loc":{"start":{"line":42,"column":22},"end":{"line":44,"column":7}},"line":42},"6":{"name":"(anonymous_6)","decl":{"start":{"line":47,"column":2},"end":{"line":47,"column":3}},"loc":{"start":{"line":47,"column":18},"end":{"line":49,"column":3}},"line":47},"7":{"name":"(anonymous_7)","decl":{"start":{"line":51,"column":2},"end":{"line":51,"column":3}},"loc":{"start":{"line":51,"column":31},"end":{"line":75,"column":3}},"line":51},"8":{"name":"(anonymous_8)","decl":{"start":{"line":53,"column":54},"end":{"line":53,"column":55}},"loc":{"start":{"line":53,"column":68},"end":{"line":53,"column":128}},"line":53},"9":{"name":"(anonymous_9)","decl":{"start":{"line":55,"column":57},"end":{"line":55,"column":58}},"loc":{"start":{"line":55,"column":72},"end":{"line":72,"column":5}},"line":55},"10":{"name":"(anonymous_10)","decl":{"start":{"line":77,"column":2},"end":{"line":77,"column":3}},"loc":{"start":{"line":77,"column":30},"end":{"line":90,"column":3}},"line":77},"11":{"name":"(anonymous_11)","decl":{"start":{"line":84,"column":56},"end":{"line":84,"column":57}},"loc":{"start":{"line":84,"column":67},"end":{"line":84,"column":91}},"line":84},"12":{"name":"(anonymous_12)","decl":{"start":{"line":92,"column":2},"end":{"line":92,"column":3}},"loc":{"start":{"line":92,"column":37},"end":{"line":104,"column":3}},"line":92},"13":{"name":"(anonymous_13)","decl":{"start":{"line":94,"column":47},"end":{"line":94,"column":48}},"loc":{"start":{"line":94,"column":65},"end":{"line":101,"column":5}},"line":94},"14":{"name":"(anonymous_14)","decl":{"start":{"line":95,"column":49},"end":{"line":95,"column":50}},"loc":{"start":{"line":95,"column":67},"end":{"line":100,"column":7}},"line":95},"15":{"name":"(anonymous_15)","decl":{"start":{"line":106,"column":2},"end":{"line":106,"column":3}},"loc":{"start":{"line":106,"column":20},"end":{"line":113,"column":3}},"line":106},"16":{"name":"(anonymous_16)","decl":{"start":{"line":115,"column":2},"end":{"line":115,"column":3}},"loc":{"start":{"line":115,"column":11},"end":{"line":139,"column":3}},"line":115}},"branchMap":{"0":{"loc":{"start":{"line":78,"column":4},"end":{"line":89,"column":5}},"type":"if","locations":[{"start":{"line":78,"column":4},"end":{"line":89,"column":5}},{"start":{"line":78,"column":4},"end":{"line":89,"column":5}}],"line":78},"1":{"loc":{"start":{"line":96,"column":8},"end":{"line":99,"column":9}},"type":"if","locations":[{"start":{"line":96,"column":8},"end":{"line":99,"column":9}},{"start":{"line":96,"column":8},"end":{"line":99,"column":9}}],"line":96},"2":{"loc":{"start":{"line":107,"column":4},"end":{"line":111,"column":5}},"type":"if","locations":[{"start":{"line":107,"column":4},"end":{"line":111,"column":5}},{"start":{"line":107,"column":4},"end":{"line":111,"column":5}}],"line":107},"3":{"loc":{"start":{"line":116,"column":4},"end":{"line":133,"column":5}},"type":"if","locations":[{"start":{"line":116,"column":4},"end":{"line":133,"column":5}},{"start":{"line":116,"column":4},"end":{"line":133,"column":5}}],"line":116}},"s":{"0":1,"1":1,"2":1,"3":1,"4":1,"5":1,"6":1,"7":0,"8":0,"9":0,"10":0,"11":0,"12":0,"13":0,"14":0,"15":0,"16":0,"17":0,"18":0,"19":0,"20":0,"21":0,"22":0,"23":0,"24":0,"25":0,"26":0,"27":0,"28":0,"29":0,"30":0,"31":0,"32":0,"33":0,"34":0,"35":0,"36":1,"37":0,"38":1,"39":1},"f":{"0":1,"1":1,"2":1,"3":0,"4":0,"5":0,"6":0,"7":0,"8":0,"9":0,"10":0,"11":0,"12":0,"13":0,"14":0,"15":0,"16":1},"b":{"0":[0,0],"1":[0,0],"2":[0,0],"3":[0,1]},"_coverageSchema":"332fd63041d2c1bcb487cc26dd0d5f7d97098a6c","hash":"c95c988a1531edf4d011b500162595b4d5133f02"}
,"/Users/tarik/Documents/FEC Project/Student-Feedback/client/src/symbols.jsx": {"path":"/Users/tarik/Documents/FEC Project/Student-Feedback/client/src/symbols.jsx","statementMap":{"0":{"start":{"line":3,"column":13},"end":{"line":3,"column":44}},"1":{"start":{"line":5,"column":17},"end":{"line":5,"column":50}},"2":{"start":{"line":7,"column":14},"end":{"line":7,"column":53}}},"fnMap":{},"branchMap":{},"s":{"0":2,"1":2,"2":2},"f":{},"b":{},"_coverageSchema":"332fd63041d2c1bcb487cc26dd0d5f7d97098a6c","hash":"3377b05543cb012f19c7cf156cb76e107674275c"}
,"/Users/tarik/Documents/FEC Project/Student-Feedback/client/src/components/FeaturedReview.jsx": {"path":"/Users/tarik/Documents/FEC Project/Student-Feedback/client/src/components/FeaturedReview.jsx","statementMap":{"0":{"start":{"line":8,"column":24},"end":{"line":8,"column":54}},"1":{"start":{"line":9,"column":4},"end":{"line":11,"column":5}},"2":{"start":{"line":10,"column":6},"end":{"line":10,"column":72}},"3":{"start":{"line":12,"column":4},"end":{"line":12,"column":70}},"4":{"start":{"line":16,"column":4},"end":{"line":39,"column":5}},"5":{"start":{"line":17,"column":6},"end":{"line":38,"column":8}},"6":{"start":{"line":41,"column":4},"end":{"line":46,"column":6}},"7":{"start":{"line":50,"column":0},"end":{"line":62,"column":2}}},"fnMap":{"0":{"name":"(anonymous_0)","decl":{"start":{"line":7,"column":2},"end":{"line":7,"column":3}},"loc":{"start":{"line":7,"column":15},"end":{"line":13,"column":3}},"line":7},"1":{"name":"(anonymous_1)","decl":{"start":{"line":15,"column":2},"end":{"line":15,"column":3}},"loc":{"start":{"line":15,"column":11},"end":{"line":47,"column":3}},"line":15}},"branchMap":{"0":{"loc":{"start":{"line":9,"column":4},"end":{"line":11,"column":5}},"type":"if","locations":[{"start":{"line":9,"column":4},"end":{"line":11,"column":5}},{"start":{"line":9,"column":4},"end":{"line":11,"column":5}}],"line":9},"1":{"loc":{"start":{"line":16,"column":4},"end":{"line":39,"column":5}},"type":"if","locations":[{"start":{"line":16,"column":4},"end":{"line":39,"column":5}},{"start":{"line":16,"column":4},"end":{"line":39,"column":5}}],"line":16}},"s":{"0":0,"1":0,"2":0,"3":0,"4":0,"5":0,"6":0,"7":1},"f":{"0":0,"1":0},"b":{"0":[0,0],"1":[0,0]},"_coverageSchema":"332fd63041d2c1bcb487cc26dd0d5f7d97098a6c","hash":"a378c3e4eaf4b28c172c5e19ed9352a5f5974345"}
,"/Users/tarik/Documents/FEC Project/Student-Feedback/client/src/components/GraphBar.jsx": {"path":"/Users/tarik/Documents/FEC Project/Student-Feedback/client/src/components/GraphBar.jsx","statementMap":{"0":{"start":{"line":5,"column":17},"end":{"line":9,"column":1}},"1":{"start":{"line":6,"column":2},"end":{"line":8,"column":8}},"2":{"start":{"line":11,"column":0},"end":{"line":13,"column":2}}},"fnMap":{"0":{"name":"(anonymous_0)","decl":{"start":{"line":5,"column":17},"end":{"line":5,"column":18}},"loc":{"start":{"line":6,"column":2},"end":{"line":8,"column":8}},"line":6}},"branchMap":{},"s":{"0":1,"1":0,"2":1},"f":{"0":0},"b":{},"_coverageSchema":"332fd63041d2c1bcb487cc26dd0d5f7d97098a6c","hash":"c940297bad2cde5c50f1bd75e16508baf9c9fb78"}
,"/Users/tarik/Documents/FEC Project/Student-Feedback/client/src/components/GraphBarAndStars.jsx": {"path":"/Users/tarik/Documents/FEC Project/Student-Feedback/client/src/components/GraphBarAndStars.jsx","statementMap":{"0":{"start":{"line":8,"column":4},"end":{"line":10,"column":5}},"1":{"start":{"line":9,"column":6},"end":{"line":9,"column":15}},"2":{"start":{"line":11,"column":4},"end":{"line":11,"column":16}},"3":{"start":{"line":15,"column":4},"end":{"line":24,"column":6}},"4":{"start":{"line":28,"column":0},"end":{"line":33,"column":2}}},"fnMap":{"0":{"name":"(anonymous_0)","decl":{"start":{"line":7,"column":2},"end":{"line":7,"column":3}},"loc":{"start":{"line":7,"column":15},"end":{"line":12,"column":3}},"line":7},"1":{"name":"(anonymous_1)","decl":{"start":{"line":14,"column":2},"end":{"line":14,"column":3}},"loc":{"start":{"line":14,"column":11},"end":{"line":25,"column":3}},"line":14}},"branchMap":{"0":{"loc":{"start":{"line":8,"column":4},"end":{"line":10,"column":5}},"type":"if","locations":[{"start":{"line":8,"column":4},"end":{"line":10,"column":5}},{"start":{"line":8,"column":4},"end":{"line":10,"column":5}}],"line":8},"1":{"loc":{"start":{"line":8,"column":8},"end":{"line":8,"column":94}},"type":"binary-expr","locations":[{"start":{"line":8,"column":8},"end":{"line":8,"column":40}},{"start":{"line":8,"column":44},"end":{"line":8,"column":94}}],"line":8}},"s":{"0":0,"1":0,"2":0,"3":0,"4":1},"f":{"0":0,"1":0},"b":{"0":[0,0],"1":[0,0]},"_coverageSchema":"332fd63041d2c1bcb487cc26dd0d5f7d97098a6c","hash":"51fd72fe97c30614f3b81d2293074d03f4fd4920"}
,"/Users/tarik/Documents/FEC Project/Student-Feedback/client/src/components/Review.jsx": {"path":"/Users/tarik/Documents/FEC Project/Student-Feedback/client/src/components/Review.jsx","statementMap":{"0":{"start":{"line":8,"column":23},"end":{"line":8,"column":44}},"1":{"start":{"line":9,"column":4},"end":{"line":17,"column":5}},"2":{"start":{"line":10,"column":6},"end":{"line":16,"column":8}},"3":{"start":{"line":18,"column":4},"end":{"line":22,"column":6}},"4":{"start":{"line":26,"column":24},"end":{"line":26,"column":50}},"5":{"start":{"line":27,"column":4},"end":{"line":29,"column":5}},"6":{"start":{"line":28,"column":6},"end":{"line":28,"column":72}},"7":{"start":{"line":30,"column":4},"end":{"line":30,"column":70}},"8":{"start":{"line":34,"column":4},"end":{"line":48,"column":6}},"9":{"start":{"line":52,"column":0},"end":{"line":62,"column":2}}},"fnMap":{"0":{"name":"(anonymous_0)","decl":{"start":{"line":7,"column":2},"end":{"line":7,"column":3}},"loc":{"start":{"line":7,"column":18},"end":{"line":23,"column":3}},"line":7},"1":{"name":"(anonymous_1)","decl":{"start":{"line":25,"column":2},"end":{"line":25,"column":3}},"loc":{"start":{"line":25,"column":15},"end":{"line":31,"column":3}},"line":25},"2":{"name":"(anonymous_2)","decl":{"start":{"line":33,"column":2},"end":{"line":33,"column":3}},"loc":{"start":{"line":33,"column":11},"end":{"line":49,"column":3}},"line":33}},"branchMap":{"0":{"loc":{"start":{"line":9,"column":4},"end":{"line":17,"column":5}},"type":"if","locations":[{"start":{"line":9,"column":4},"end":{"line":17,"column":5}},{"start":{"line":9,"column":4},"end":{"line":17,"column":5}}],"line":9},"1":{"loc":{"start":{"line":27,"column":4},"end":{"line":29,"column":5}},"type":"if","locations":[{"start":{"line":27,"column":4},"end":{"line":29,"column":5}},{"start":{"line":27,"column":4},"end":{"line":29,"column":5}}],"line":27}},"s":{"0":80,"1":80,"2":0,"3":80,"4":80,"5":80,"6":6,"7":74,"8":80,"9":3},"f":{"0":80,"1":80,"2":80},"b":{"0":[0,80],"1":[6,74]},"_coverageSchema":"332fd63041d2c1bcb487cc26dd0d5f7d97098a6c","hash":"276ace58a080055ab6fa947e2949f85ecfeb04d0"}
,"/Users/tarik/Documents/FEC Project/Student-Feedback/client/src/components/ReviewList.jsx": {"path":"/Users/tarik/Documents/FEC Project/Student-Feedback/client/src/components/ReviewList.jsx","statementMap":{"0":{"start":{"line":8,"column":27},"end":{"line":8,"column":93}},"1":{"start":{"line":9,"column":31},"end":{"line":13,"column":6}},"2":{"start":{"line":10,"column":6},"end":{"line":12,"column":12}},"3":{"start":{"line":15,"column":4},"end":{"line":15,"column":30}},"4":{"start":{"line":19,"column":4},"end":{"line":21,"column":5}},"5":{"start":{"line":20,"column":6},"end":{"line":20,"column":18}},"6":{"start":{"line":22,"column":4},"end":{"line":23,"column":70}},"7":{"start":{"line":23,"column":22},"end":{"line":23,"column":41}},"8":{"start":{"line":27,"column":20},"end":{"line":27,"column":45}},"9":{"start":{"line":28,"column":4},"end":{"line":39,"column":5}},"10":{"start":{"line":29,"column":6},"end":{"line":38,"column":8}},"11":{"start":{"line":41,"column":4},"end":{"line":41,"column":83}},"12":{"start":{"line":45,"column":0},"end":{"line":59,"column":2}}},"fnMap":{"0":{"name":"(anonymous_0)","decl":{"start":{"line":7,"column":2},"end":{"line":7,"column":3}},"loc":{"start":{"line":7,"column":23},"end":{"line":16,"column":3}},"line":7},"1":{"name":"(anonymous_1)","decl":{"start":{"line":9,"column":50},"end":{"line":9,"column":51}},"loc":{"start":{"line":10,"column":6},"end":{"line":12,"column":12}},"line":10},"2":{"name":"(anonymous_2)","decl":{"start":{"line":18,"column":2},"end":{"line":18,"column":3}},"loc":{"start":{"line":18,"column":22},"end":{"line":24,"column":3}},"line":18},"3":{"name":"(anonymous_3)","decl":{"start":{"line":23,"column":15},"end":{"line":23,"column":16}},"loc":{"start":{"line":23,"column":22},"end":{"line":23,"column":41}},"line":23},"4":{"name":"(anonymous_4)","decl":{"start":{"line":26,"column":2},"end":{"line":26,"column":3}},"loc":{"start":{"line":26,"column":11},"end":{"line":42,"column":3}},"line":26}},"branchMap":{"0":{"loc":{"start":{"line":19,"column":4},"end":{"line":21,"column":5}},"type":"if","locations":[{"start":{"line":19,"column":4},"end":{"line":21,"column":5}},{"start":{"line":19,"column":4},"end":{"line":21,"column":5}}],"line":19},"1":{"loc":{"start":{"line":28,"column":4},"end":{"line":39,"column":5}},"type":"if","locations":[{"start":{"line":28,"column":4},"end":{"line":39,"column":5}},{"start":{"line":28,"column":4},"end":{"line":39,"column":5}}],"line":28}},"s":{"0":9,"1":9,"2":73,"3":9,"4":8,"5":2,"6":6,"7":0,"8":9,"9":9,"10":8,"11":1,"12":2},"f":{"0":9,"1":73,"2":8,"3":0,"4":9},"b":{"0":[2,6],"1":[8,1]},"_coverageSchema":"332fd63041d2c1bcb487cc26dd0d5f7d97098a6c","hash":"e5bc506140b4845986dd39ad532b81f7db5165ea"}
,"/Users/tarik/Documents/FEC Project/Student-Feedback/client/src/components/Search.jsx": {"path":"/Users/tarik/Documents/FEC Project/Student-Feedback/client/src/components/Search.jsx","statementMap":{"0":{"start":{"line":8,"column":4},"end":{"line":8,"column":17}},"1":{"start":{"line":9,"column":4},"end":{"line":9,"column":35}},"2":{"start":{"line":10,"column":4},"end":{"line":10,"column":63}},"3":{"start":{"line":11,"column":4},"end":{"line":11,"column":51}},"4":{"start":{"line":15,"column":4},"end":{"line":15,"column":27}},"5":{"start":{"line":16,"column":4},"end":{"line":16,"column":54}},"6":{"start":{"line":20,"column":4},"end":{"line":20,"column":32}},"7":{"start":{"line":21,"column":4},"end":{"line":21,"column":34}},"8":{"start":{"line":25,"column":4},"end":{"line":31,"column":5}},"9":{"start":{"line":26,"column":6},"end":{"line":30,"column":8}},"10":{"start":{"line":32,"column":4},"end":{"line":32,"column":16}},"11":{"start":{"line":36,"column":4},"end":{"line":44,"column":6}},"12":{"start":{"line":48,"column":0},"end":{"line":51,"column":2}}},"fnMap":{"0":{"name":"(anonymous_0)","decl":{"start":{"line":7,"column":2},"end":{"line":7,"column":3}},"loc":{"start":{"line":7,"column":21},"end":{"line":12,"column":3}},"line":7},"1":{"name":"(anonymous_1)","decl":{"start":{"line":14,"column":2},"end":{"line":14,"column":3}},"loc":{"start":{"line":14,"column":27},"end":{"line":17,"column":3}},"line":14},"2":{"name":"(anonymous_2)","decl":{"start":{"line":19,"column":2},"end":{"line":19,"column":3}},"loc":{"start":{"line":19,"column":16},"end":{"line":22,"column":3}},"line":19},"3":{"name":"(anonymous_3)","decl":{"start":{"line":24,"column":2},"end":{"line":24,"column":3}},"loc":{"start":{"line":24,"column":26},"end":{"line":33,"column":3}},"line":24},"4":{"name":"(anonymous_4)","decl":{"start":{"line":35,"column":2},"end":{"line":35,"column":3}},"loc":{"start":{"line":35,"column":11},"end":{"line":45,"column":3}},"line":35}},"branchMap":{"0":{"loc":{"start":{"line":25,"column":4},"end":{"line":31,"column":5}},"type":"if","locations":[{"start":{"line":25,"column":4},"end":{"line":31,"column":5}},{"start":{"line":25,"column":4},"end":{"line":31,"column":5}}],"line":25}},"s":{"0":2,"1":2,"2":2,"3":2,"4":0,"5":0,"6":0,"7":0,"8":2,"9":0,"10":2,"11":2,"12":2},"f":{"0":2,"1":0,"2":0,"3":2,"4":2},"b":{"0":[0,2]},"_coverageSchema":"332fd63041d2c1bcb487cc26dd0d5f7d97098a6c","hash":"ae91ebb1f85d8e0d1061f5413dc9dbb3716b3078"}
,"/Users/tarik/Documents/FEC Project/Student-Feedback/client/src/components/Stars.jsx": {"path":"/Users/tarik/Documents/FEC Project/Student-Feedback/client/src/components/Stars.jsx","statementMap":{"0":{"start":{"line":6,"column":14},"end":{"line":15,"column":1}},"1":{"start":{"line":7,"column":2},"end":{"line":14,"column":8}},"2":{"start":{"line":38,"column":0},"end":{"line":40,"column":2}}},"fnMap":{"0":{"name":"(anonymous_0)","decl":{"start":{"line":6,"column":14},"end":{"line":6,"column":15}},"loc":{"start":{"line":7,"column":2},"end":{"line":14,"column":8}},"line":7}},"branchMap":{},"s":{"0":1,"1":0,"2":1},"f":{"0":0},"b":{},"_coverageSchema":"332fd63041d2c1bcb487cc26dd0d5f7d97098a6c","hash":"3272a54d78d248758672232bf824be725bea5f4c"}
,"/Users/tarik/Documents/FEC Project/Student-Feedback/client/src/components/StudentFeedback.jsx": {"path":"/Users/tarik/Documents/FEC Project/Student-Feedback/client/src/components/StudentFeedback.jsx","statementMap":{"0":{"start":{"line":9,"column":22},"end":{"line":9,"column":24}},"1":{"start":{"line":10,"column":4},"end":{"line":15,"column":5}},"2":{"start":{"line":11,"column":6},"end":{"line":14,"column":8}},"3":{"start":{"line":12,"column":53},"end":{"line":12,"column":79}},"4":{"start":{"line":16,"column":4},"end":{"line":16,"column":21}},"5":{"start":{"line":20,"column":4},"end":{"line":38,"column":6}},"6":{"start":{"line":42,"column":0},"end":{"line":53,"column":2}}},"fnMap":{"0":{"name":"(anonymous_0)","decl":{"start":{"line":8,"column":2},"end":{"line":8,"column":3}},"loc":{"start":{"line":8,"column":24},"end":{"line":17,"column":3}},"line":8},"1":{"name":"(anonymous_1)","decl":{"start":{"line":12,"column":46},"end":{"line":12,"column":47}},"loc":{"start":{"line":12,"column":53},"end":{"line":12,"column":79}},"line":12},"2":{"name":"(anonymous_2)","decl":{"start":{"line":19,"column":2},"end":{"line":19,"column":3}},"loc":{"start":{"line":19,"column":11},"end":{"line":39,"column":3}},"line":19}},"branchMap":{},"s":{"0":0,"1":0,"2":0,"3":0,"4":0,"5":0,"6":1},"f":{"0":0,"1":0,"2":0},"b":{},"_coverageSchema":"332fd63041d2c1bcb487cc26dd0d5f7d97098a6c","hash":"d9f213efedfd4ee994c5bc6e8924e37962983ef0"}
}
