TN:
SF:/Users/tarik/Documents/FEC Project/Student-Feedback/client/src/helperFunctions.jsx
FN:3,(anonymous_0)
FN:10,(anonymous_1)
FN:17,(anonymous_2)
FN:34,(anonymous_3)
FNF:4
FNH:2
FNDA:0,(anonymous_0)
FNDA:80,(anonymous_1)
FNDA:80,(anonymous_2)
FNDA:0,(anonymous_3)
DA:3,3
DA:4,0
DA:5,0
DA:7,0
DA:10,3
DA:11,80
DA:12,6
DA:14,74
DA:17,3
DA:18,80
DA:19,0
DA:27,80
DA:34,3
DA:35,0
DA:36,0
DA:38,0
LF:16
LH:9
BRDA:4,0,0,0
BRDA:4,0,1,0
BRDA:4,1,0,0
BRDA:4,1,1,0
BRDA:11,2,0,6
BRDA:11,2,1,74
BRDA:18,3,0,0
BRDA:18,3,1,80
BRDA:35,4,0,0
BRDA:35,4,1,0
BRF:10
BRH:3
end_of_record
TN:
SF:/Users/tarik/Documents/FEC Project/Student-Feedback/client/src/symbols.jsx
FNF:0
FNH:0
DA:3,1
DA:5,1
DA:7,1
LF:3
LH:3
BRF:0
BRH:0
end_of_record
TN:
SF:/Users/tarik/Documents/FEC Project/Student-Feedback/client/src/components/Review.jsx
FN:5,(anonymous_0)
FNF:1
FNH:1
FNDA:80,(anonymous_0)
DA:5,3
DA:6,80
LF:2
LH:2
BRF:0
BRH:0
end_of_record
TN:
SF:/Users/tarik/Documents/FEC Project/Student-Feedback/client/src/components/ReviewList.jsx
FN:6,(anonymous_0)
FN:8,(anonymous_1)
FN:17,(anonymous_2)
FN:21,(anonymous_3)
FN:24,(anonymous_4)
FNF:5
FNH:4
FNDA:9,(anonymous_0)
FNDA:73,(anonymous_1)
FNDA:8,(anonymous_2)
FNDA:0,(anonymous_3)
FNDA:9,(anonymous_4)
DA:7,9
DA:8,9
DA:9,73
DA:14,9
DA:18,8
DA:19,2
DA:21,6
DA:25,9
DA:26,9
DA:27,8
DA:39,1
LF:11
LH:11
BRDA:18,0,0,2
BRDA:18,0,1,6
BRDA:26,1,0,8
BRDA:26,1,1,1
BRF:4
BRH:4
end_of_record
TN:
SF:/Users/tarik/Documents/FEC Project/Student-Feedback/client/src/components/Search.jsx
FN:6,(anonymous_0)
FN:13,(anonymous_1)
FN:18,(anonymous_2)
FN:23,(anonymous_3)
FN:34,(anonymous_4)
FNF:5
FNH:3
FNDA:1,(anonymous_0)
FNDA:0,(anonymous_1)
FNDA:0,(anonymous_2)
FNDA:1,(anonymous_3)
FNDA:1,(anonymous_4)
DA:7,1
DA:8,1
DA:9,1
DA:10,1
DA:14,0
DA:15,0
DA:19,0
DA:20,0
DA:24,1
DA:25,0
DA:31,1
DA:35,1
LF:12
LH:7
BRDA:24,0,0,0
BRDA:24,0,1,1
BRF:2
BRH:1
end_of_record
