TN:
SF:/Users/tarik/Documents/FEC Project/Student-Feedback/client/src/symbols.jsx
FNF:0
FNH:0
DA:3,1
DA:5,1
DA:7,1
LF:3
LH:3
BRF:0
BRH:0
end_of_record
TN:
SF:/Users/tarik/Documents/FEC Project/Student-Feedback/client/src/components/Search.jsx
FN:6,(anonymous_0)
FN:13,(anonymous_1)
FN:18,(anonymous_2)
FN:23,(anonymous_3)
FN:34,(anonymous_4)
FNF:5
FNH:3
FNDA:1,(anonymous_0)
FNDA:0,(anonymous_1)
FNDA:0,(anonymous_2)
FNDA:1,(anonymous_3)
FNDA:1,(anonymous_4)
DA:7,1
DA:8,1
DA:9,1
DA:10,1
DA:14,0
DA:15,0
DA:19,0
DA:20,0
DA:24,1
DA:25,0
DA:31,1
DA:35,1
LF:12
LH:7
BRDA:24,0,0,0
BRDA:24,0,1,1
BRF:2
BRH:1
end_of_record
